TN:
SF:controllers/adminAuthController.js
FN:7,AdminSignupController
FN:40,AdminLoginController
FN:81,AdminLogoutController
FN:91,AdminForgotController
FNF:4
FNH:4
FNDA:5,AdminSignupController
FNDA:3,AdminLoginController
FNDA:1,AdminLogoutController
FNDA:2,AdminForgotController
DA:1,1
DA:2,1
DA:3,1
DA:9,5
DA:11,5
DA:12,1
DA:15,4
DA:16,3
DA:19,1
DA:22,1
DA:23,1
DA:24,1
DA:28,0
DA:31,0
DA:33,0
DA:35,0
DA:36,0
DA:41,3
DA:43,3
DA:44,1
DA:47,2
DA:48,2
DA:51,0
DA:53,0
DA:55,0
DA:56,0
DA:59,0
DA:61,0
DA:62,0
DA:65,0
DA:67,0
DA:71,0
DA:75,0
DA:76,0
DA:82,1
DA:83,1
DA:84,0
DA:87,1
DA:92,2
DA:94,2
DA:95,1
DA:98,1
DA:99,0
DA:102,1
DA:103,1
DA:107,0
DA:108,0
DA:110,0
DA:111,0
DA:114,0
DA:115,0
DA:116,0
DA:120,0
DA:125,1
LF:54
LH:27
BRDA:11,0,0,1
BRDA:11,0,1,4
BRDA:11,1,0,5
BRDA:11,1,1,5
BRDA:11,1,2,5
BRDA:11,1,3,4
BRDA:11,1,4,4
BRDA:15,2,0,3
BRDA:15,2,1,1
BRDA:23,3,0,1
BRDA:23,3,1,0
BRDA:43,4,0,1
BRDA:43,4,1,2
BRDA:43,5,0,3
BRDA:43,5,1,2
BRDA:47,6,0,2
BRDA:47,6,1,0
BRDA:55,7,0,0
BRDA:55,7,1,0
BRDA:61,8,0,0
BRDA:61,8,1,0
BRDA:94,9,0,1
BRDA:94,9,1,1
BRDA:94,10,0,2
BRDA:94,10,1,1
BRDA:94,10,2,1
BRDA:98,11,0,0
BRDA:98,11,1,1
BRDA:102,12,0,1
BRDA:102,12,1,0
BRDA:110,13,0,0
BRDA:110,13,1,0
BRF:32
BRH:22
end_of_record
TN:
SF:controllers/adminBookingController.js
FN:5,(anonymous_0)
FN:7,(anonymous_1)
FN:8,(anonymous_2)
FN:9,(anonymous_3)
FN:29,AdminBookTicketController
FN:64,AdminBookingsController
FN:92,AdminEditTicketController
FN:120,AdminDeleteBookingController
FN:125,(anonymous_8)
FNF:9
FNH:2
FNDA:0,(anonymous_0)
FNDA:0,(anonymous_1)
FNDA:0,(anonymous_2)
FNDA:0,(anonymous_3)
FNDA:2,AdminBookTicketController
FNDA:3,AdminBookingsController
FNDA:0,AdminEditTicketController
FNDA:0,AdminDeleteBookingController
FNDA:0,(anonymous_8)
DA:1,1
DA:2,1
DA:5,1
DA:7,0
DA:8,0
DA:9,0
DA:23,0
DA:26,0
DA:31,2
DA:33,2
DA:34,1
DA:37,1
DA:38,1
DA:41,0
DA:42,0
DA:43,0
DA:51,0
DA:53,0
DA:54,0
DA:56,0
DA:59,0
DA:60,0
DA:65,3
DA:67,3
DA:68,1
DA:71,2
DA:72,2
DA:75,0
DA:76,0
DA:78,0
DA:79,0
DA:82,0
DA:83,0
DA:87,0
DA:88,0
DA:93,0
DA:95,0
DA:96,0
DA:99,0
DA:100,0
DA:102,0
DA:103,0
DA:104,0
DA:105,0
DA:106,0
DA:107,0
DA:108,0
DA:109,0
DA:110,0
DA:111,0
DA:113,0
DA:115,0
DA:116,0
DA:121,0
DA:123,0
DA:124,0
DA:125,0
DA:127,0
DA:129,0
DA:132,0
DA:133,0
DA:138,1
LF:62
LH:14
BRDA:33,0,0,1
BRDA:33,0,1,1
BRDA:33,1,0,2
BRDA:33,1,1,2
BRDA:33,1,2,1
BRDA:33,1,3,1
BRDA:33,1,4,1
BRDA:37,2,0,1
BRDA:37,2,1,0
BRDA:37,3,0,1
BRDA:37,3,1,1
BRDA:67,4,0,1
BRDA:67,4,1,2
BRDA:71,5,0,2
BRDA:71,5,1,0
BRDA:78,6,0,0
BRDA:78,6,1,0
BRDA:95,7,0,0
BRDA:95,7,1,0
BRDA:95,8,0,0
BRDA:95,8,1,0
BRDA:95,8,2,0
BRDA:95,8,3,0
BRDA:99,9,0,0
BRDA:99,9,1,0
BRDA:99,10,0,0
BRDA:99,10,1,0
BRF:27
BRH:13
end_of_record
TN:
SF:controllers/authController.js
FN:6,SignupController
FN:45,LoginController
FN:82,ForgotController
FN:113,LogoutController
FNF:4
FNH:4
FNDA:5,SignupController
FNDA:3,LoginController
FNDA:2,ForgotController
FNDA:1,LogoutController
DA:2,1
DA:3,1
DA:8,5
DA:10,5
DA:11,1
DA:14,4
DA:15,1
DA:18,3
DA:19,2
DA:22,1
DA:25,1
DA:26,1
DA:27,1
DA:31,0
DA:34,0
DA:36,0
DA:37,0
DA:39,0
DA:40,0
DA:41,0
DA:46,3
DA:48,3
DA:49,1
DA:52,2
DA:54,2
DA:56,2
DA:57,1
DA:60,1
DA:62,1
DA:63,1
DA:66,0
DA:68,0
DA:72,0
DA:76,0
DA:77,0
DA:83,2
DA:85,2
DA:86,1
DA:89,1
DA:90,0
DA:94,1
DA:95,1
DA:97,1
DA:98,1
DA:101,0
DA:102,0
DA:103,0
DA:107,0
DA:108,0
DA:114,1
DA:115,1
DA:116,0
DA:119,1
DA:124,1
LF:54
LH:35
BRDA:10,0,0,1
BRDA:10,0,1,4
BRDA:10,1,0,5
BRDA:10,1,1,5
BRDA:10,1,2,5
BRDA:10,1,3,4
BRDA:10,1,4,4
BRDA:14,2,0,1
BRDA:14,2,1,3
BRDA:18,3,0,2
BRDA:18,3,1,1
BRDA:26,4,0,1
BRDA:26,4,1,0
BRDA:48,5,0,1
BRDA:48,5,1,2
BRDA:48,6,0,3
BRDA:48,6,1,2
BRDA:56,7,0,1
BRDA:56,7,1,1
BRDA:62,8,0,1
BRDA:62,8,1,0
BRDA:85,9,0,1
BRDA:85,9,1,1
BRDA:85,10,0,2
BRDA:85,10,1,1
BRDA:85,10,2,1
BRDA:89,11,0,0
BRDA:89,11,1,1
BRDA:97,12,0,1
BRDA:97,12,1,0
BRF:30
BRH:26
end_of_record
TN:
SF:controllers/bookingController.js
FN:4,(anonymous_0)
FN:6,(anonymous_1)
FN:7,(anonymous_2)
FN:8,(anonymous_3)
FN:29,BookTicketController
FN:63,MyBookingController
FNF:6
FNH:2
FNDA:0,(anonymous_0)
FNDA:0,(anonymous_1)
FNDA:0,(anonymous_2)
FNDA:0,(anonymous_3)
FNDA:2,BookTicketController
FNDA:2,MyBookingController
DA:1,1
DA:4,1
DA:6,0
DA:7,0
DA:8,0
DA:22,0
DA:25,0
DA:31,2
DA:33,2
DA:34,1
DA:37,1
DA:38,1
DA:41,0
DA:42,0
DA:43,0
DA:51,0
DA:53,0
DA:54,0
DA:55,0
DA:58,0
DA:59,0
DA:64,2
DA:66,2
DA:67,1
DA:70,1
DA:71,1
DA:73,1
DA:74,1
DA:77,0
DA:78,0
DA:82,0
DA:83,0
DA:87,1
LF:33
LH:15
BRDA:33,0,0,1
BRDA:33,0,1,1
BRDA:33,1,0,2
BRDA:33,1,1,2
BRDA:33,1,2,1
BRDA:33,1,3,1
BRDA:33,1,4,1
BRDA:37,2,0,1
BRDA:37,2,1,0
BRDA:37,3,0,1
BRDA:37,3,1,1
BRDA:66,4,0,1
BRDA:66,4,1,1
BRDA:73,5,0,1
BRDA:73,5,1,0
BRF:15
BRH:13
end_of_record
TN:
SF:model/Booking.js
FNF:0
FNH:0
DA:3,2
DA:5,2
DA:23,2
DA:25,2
LF:4
LH:4
BRF:0
BRH:0
end_of_record
TN:
SF:model/User.js
FN:17,(anonymous_0)
FN:24,(anonymous_1)
FNF:2
FNH:0
FNDA:0,(anonymous_0)
FNDA:0,(anonymous_1)
DA:2,4
DA:3,4
DA:4,4
DA:6,4
DA:17,4
DA:18,0
DA:19,0
DA:21,0
DA:24,4
DA:25,0
DA:26,0
DA:27,0
DA:28,0
DA:29,0
DA:32,0
DA:37,4
DA:39,4
LF:17
LH:8
BRDA:18,0,0,0
BRDA:18,0,1,0
BRF:2
BRH:0
end_of_record
