{"/home/chandan/Desktop/shetty/TestRepository_Shetty/WWA-backend-master/controllers/adminAuthController.js": {"path":"/home/chandan/Desktop/shetty/TestRepository_Shetty/WWA-backend-master/controllers/adminAuthController.js","statementMap":{"0":{"start":{"line":1,"column":13},"end":{"line":1,"column":37}},"1":{"start":{"line":2,"column":15},"end":{"line":2,"column":32}},"2":{"start":{"line":3,"column":18},"end":{"line":3,"column":40}},"3":{"start":{"line":9,"column":64},"end":{"line":9,"column":72}},"4":{"start":{"line":11,"column":4},"end":{"line":13,"column":5}},"5":{"start":{"line":12,"column":8},"end":{"line":12,"column":80}},"6":{"start":{"line":15,"column":4},"end":{"line":17,"column":5}},"7":{"start":{"line":16,"column":8},"end":{"line":16,"column":80}},"8":{"start":{"line":19,"column":4},"end":{"line":37,"column":5}},"9":{"start":{"line":22,"column":29},"end":{"line":22,"column":58}},"10":{"start":{"line":23,"column":8},"end":{"line":25,"column":9}},"11":{"start":{"line":24,"column":12},"end":{"line":24,"column":81}},"12":{"start":{"line":28,"column":24},"end":{"line":28,"column":74}},"13":{"start":{"line":31,"column":8},"end":{"line":31,"column":29}},"14":{"start":{"line":33,"column":8},"end":{"line":33,"column":74}},"15":{"start":{"line":35,"column":8},"end":{"line":35,"column":29}},"16":{"start":{"line":36,"column":8},"end":{"line":36,"column":67}},"17":{"start":{"line":41,"column":32},"end":{"line":41,"column":40}},"18":{"start":{"line":43,"column":4},"end":{"line":45,"column":5}},"19":{"start":{"line":44,"column":8},"end":{"line":44,"column":80}},"20":{"start":{"line":47,"column":4},"end":{"line":49,"column":5}},"21":{"start":{"line":48,"column":8},"end":{"line":48,"column":77}},"22":{"start":{"line":51,"column":4},"end":{"line":77,"column":5}},"23":{"start":{"line":53,"column":21},"end":{"line":53,"column":57}},"24":{"start":{"line":55,"column":8},"end":{"line":57,"column":9}},"25":{"start":{"line":56,"column":12},"end":{"line":56,"column":81}},"26":{"start":{"line":59,"column":24},"end":{"line":59,"column":69}},"27":{"start":{"line":61,"column":8},"end":{"line":63,"column":9}},"28":{"start":{"line":62,"column":12},"end":{"line":62,"column":81}},"29":{"start":{"line":65,"column":22},"end":{"line":65,"column":52}},"30":{"start":{"line":67,"column":8},"end":{"line":70,"column":11}},"31":{"start":{"line":71,"column":8},"end":{"line":71,"column":61}},"32":{"start":{"line":75,"column":8},"end":{"line":75,"column":27}},"33":{"start":{"line":76,"column":8},"end":{"line":76,"column":67}},"34":{"start":{"line":82,"column":4},"end":{"line":88,"column":5}},"35":{"start":{"line":83,"column":8},"end":{"line":83,"column":35}},"36":{"start":{"line":84,"column":8},"end":{"line":84,"column":63}},"37":{"start":{"line":87,"column":8},"end":{"line":87,"column":67}},"38":{"start":{"line":92,"column":43},"end":{"line":92,"column":51}},"39":{"start":{"line":94,"column":4},"end":{"line":96,"column":5}},"40":{"start":{"line":95,"column":8},"end":{"line":95,"column":80}},"41":{"start":{"line":98,"column":4},"end":{"line":100,"column":5}},"42":{"start":{"line":99,"column":8},"end":{"line":99,"column":80}},"43":{"start":{"line":102,"column":4},"end":{"line":104,"column":5}},"44":{"start":{"line":103,"column":8},"end":{"line":103,"column":73}},"45":{"start":{"line":107,"column":4},"end":{"line":121,"column":5}},"46":{"start":{"line":108,"column":21},"end":{"line":108,"column":57}},"47":{"start":{"line":110,"column":8},"end":{"line":112,"column":9}},"48":{"start":{"line":111,"column":12},"end":{"line":111,"column":77}},"49":{"start":{"line":114,"column":8},"end":{"line":114,"column":33}},"50":{"start":{"line":115,"column":8},"end":{"line":115,"column":26}},"51":{"start":{"line":116,"column":8},"end":{"line":116,"column":74}},"52":{"start":{"line":120,"column":8},"end":{"line":120,"column":67}},"53":{"start":{"line":125,"column":0},"end":{"line":125,"column":111}}},"fnMap":{"0":{"name":"AdminSignupController","decl":{"start":{"line":7,"column":15},"end":{"line":7,"column":36}},"loc":{"start":{"line":7,"column":47},"end":{"line":38,"column":1}},"line":7},"1":{"name":"AdminLoginController","decl":{"start":{"line":40,"column":15},"end":{"line":40,"column":35}},"loc":{"start":{"line":40,"column":46},"end":{"line":79,"column":1}},"line":40},"2":{"name":"AdminLogoutController","decl":{"start":{"line":81,"column":9},"end":{"line":81,"column":30}},"loc":{"start":{"line":81,"column":41},"end":{"line":89,"column":1}},"line":81},"3":{"name":"AdminForgotController","decl":{"start":{"line":91,"column":15},"end":{"line":91,"column":36}},"loc":{"start":{"line":91,"column":47},"end":{"line":123,"column":1}},"line":91}},"branchMap":{"0":{"loc":{"start":{"line":11,"column":4},"end":{"line":13,"column":5}},"type":"if","locations":[{"start":{"line":11,"column":4},"end":{"line":13,"column":5}},{"start":{},"end":{}}],"line":11},"1":{"loc":{"start":{"line":11,"column":8},"end":{"line":11,"column":68}},"type":"binary-expr","locations":[{"start":{"line":11,"column":8},"end":{"line":11,"column":18}},{"start":{"line":11,"column":22},"end":{"line":11,"column":31}},{"start":{"line":11,"column":35},"end":{"line":11,"column":41}},{"start":{"line":11,"column":45},"end":{"line":11,"column":54}},{"start":{"line":11,"column":58},"end":{"line":11,"column":68}}],"line":11},"2":{"loc":{"start":{"line":15,"column":4},"end":{"line":17,"column":5}},"type":"if","locations":[{"start":{"line":15,"column":4},"end":{"line":17,"column":5}},{"start":{},"end":{}}],"line":15},"3":{"loc":{"start":{"line":23,"column":8},"end":{"line":25,"column":9}},"type":"if","locations":[{"start":{"line":23,"column":8},"end":{"line":25,"column":9}},{"start":{},"end":{}}],"line":23},"4":{"loc":{"start":{"line":43,"column":4},"end":{"line":45,"column":5}},"type":"if","locations":[{"start":{"line":43,"column":4},"end":{"line":45,"column":5}},{"start":{},"end":{}}],"line":43},"5":{"loc":{"start":{"line":43,"column":8},"end":{"line":43,"column":27}},"type":"binary-expr","locations":[{"start":{"line":43,"column":8},"end":{"line":43,"column":14}},{"start":{"line":43,"column":18},"end":{"line":43,"column":27}}],"line":43},"6":{"loc":{"start":{"line":47,"column":4},"end":{"line":49,"column":5}},"type":"if","locations":[{"start":{"line":47,"column":4},"end":{"line":49,"column":5}},{"start":{},"end":{}}],"line":47},"7":{"loc":{"start":{"line":55,"column":8},"end":{"line":57,"column":9}},"type":"if","locations":[{"start":{"line":55,"column":8},"end":{"line":57,"column":9}},{"start":{},"end":{}}],"line":55},"8":{"loc":{"start":{"line":61,"column":8},"end":{"line":63,"column":9}},"type":"if","locations":[{"start":{"line":61,"column":8},"end":{"line":63,"column":9}},{"start":{},"end":{}}],"line":61},"9":{"loc":{"start":{"line":94,"column":4},"end":{"line":96,"column":5}},"type":"if","locations":[{"start":{"line":94,"column":4},"end":{"line":96,"column":5}},{"start":{},"end":{}}],"line":94},"10":{"loc":{"start":{"line":94,"column":8},"end":{"line":94,"column":41}},"type":"binary-expr","locations":[{"start":{"line":94,"column":8},"end":{"line":94,"column":14}},{"start":{"line":94,"column":18},"end":{"line":94,"column":27}},{"start":{"line":94,"column":31},"end":{"line":94,"column":41}}],"line":94},"11":{"loc":{"start":{"line":98,"column":4},"end":{"line":100,"column":5}},"type":"if","locations":[{"start":{"line":98,"column":4},"end":{"line":100,"column":5}},{"start":{},"end":{}}],"line":98},"12":{"loc":{"start":{"line":102,"column":4},"end":{"line":104,"column":5}},"type":"if","locations":[{"start":{"line":102,"column":4},"end":{"line":104,"column":5}},{"start":{},"end":{}}],"line":102},"13":{"loc":{"start":{"line":110,"column":8},"end":{"line":112,"column":9}},"type":"if","locations":[{"start":{"line":110,"column":8},"end":{"line":112,"column":9}},{"start":{},"end":{}}],"line":110}},"s":{"0":1,"1":1,"2":1,"3":5,"4":5,"5":1,"6":4,"7":3,"8":1,"9":1,"10":1,"11":1,"12":0,"13":0,"14":0,"15":0,"16":0,"17":3,"18":3,"19":1,"20":2,"21":2,"22":0,"23":0,"24":0,"25":0,"26":0,"27":0,"28":0,"29":0,"30":0,"31":0,"32":0,"33":0,"34":1,"35":1,"36":0,"37":1,"38":2,"39":2,"40":1,"41":1,"42":0,"43":1,"44":1,"45":0,"46":0,"47":0,"48":0,"49":0,"50":0,"51":0,"52":0,"53":1},"f":{"0":5,"1":3,"2":1,"3":2},"b":{"0":[1,4],"1":[5,5,5,4,4],"2":[3,1],"3":[1,0],"4":[1,2],"5":[3,2],"6":[2,0],"7":[0,0],"8":[0,0],"9":[1,1],"10":[2,1,1],"11":[0,1],"12":[1,0],"13":[0,0]},"_coverageSchema":"1a1c01bbd47fc00a2c39e90264f33305004495a9","hash":"51175b221432a19c3ebb9834e2f9740f4bddc54d"}
,"/home/chandan/Desktop/shetty/TestRepository_Shetty/WWA-backend-master/controllers/adminBookingController.js": {"path":"/home/chandan/Desktop/shetty/TestRepository_Shetty/WWA-backend-master/controllers/adminBookingController.js","statementMap":{"0":{"start":{"line":1,"column":16},"end":{"line":1,"column":43}},"1":{"start":{"line":2,"column":18},"end":{"line":2,"column":40}},"2":{"start":{"line":5,"column":23},"end":{"line":27,"column":1}},"3":{"start":{"line":7,"column":25},"end":{"line":24,"column":6}},"4":{"start":{"line":8,"column":27},"end":{"line":21,"column":10}},"5":{"start":{"line":9,"column":12},"end":{"line":20,"column":16}},"6":{"start":{"line":9,"column":70},"end":{"line":20,"column":13}},"7":{"start":{"line":23,"column":8},"end":{"line":23,"column":26}},"8":{"start":{"line":26,"column":4},"end":{"line":26,"column":24}},"9":{"start":{"line":31,"column":48},"end":{"line":31,"column":56}},"10":{"start":{"line":33,"column":4},"end":{"line":35,"column":5}},"11":{"start":{"line":34,"column":8},"end":{"line":34,"column":80}},"12":{"start":{"line":37,"column":4},"end":{"line":39,"column":5}},"13":{"start":{"line":38,"column":8},"end":{"line":38,"column":84}},"14":{"start":{"line":41,"column":25},"end":{"line":41,"column":75}},"15":{"start":{"line":42,"column":26},"end":{"line":42,"column":54}},"16":{"start":{"line":43,"column":27},"end":{"line":49,"column":5}},"17":{"start":{"line":51,"column":4},"end":{"line":61,"column":5}},"18":{"start":{"line":53,"column":27},"end":{"line":53,"column":54}},"19":{"start":{"line":54,"column":25},"end":{"line":54,"column":48}},"20":{"start":{"line":56,"column":8},"end":{"line":56,"column":96}},"21":{"start":{"line":59,"column":8},"end":{"line":59,"column":27}},"22":{"start":{"line":60,"column":8},"end":{"line":60,"column":67}},"23":{"start":{"line":65,"column":22},"end":{"line":65,"column":30}},"24":{"start":{"line":67,"column":4},"end":{"line":69,"column":5}},"25":{"start":{"line":68,"column":8},"end":{"line":68,"column":81}},"26":{"start":{"line":71,"column":4},"end":{"line":73,"column":5}},"27":{"start":{"line":72,"column":8},"end":{"line":72,"column":70}},"28":{"start":{"line":75,"column":4},"end":{"line":89,"column":5}},"29":{"start":{"line":76,"column":25},"end":{"line":76,"column":45}},"30":{"start":{"line":78,"column":8},"end":{"line":80,"column":9}},"31":{"start":{"line":79,"column":12},"end":{"line":79,"column":77}},"32":{"start":{"line":82,"column":29},"end":{"line":82,"column":57}},"33":{"start":{"line":83,"column":8},"end":{"line":83,"column":83}},"34":{"start":{"line":87,"column":8},"end":{"line":87,"column":27}},"35":{"start":{"line":88,"column":8},"end":{"line":88,"column":67}},"36":{"start":{"line":93,"column":30},"end":{"line":93,"column":38}},"37":{"start":{"line":95,"column":4},"end":{"line":97,"column":5}},"38":{"start":{"line":96,"column":8},"end":{"line":96,"column":80}},"39":{"start":{"line":99,"column":4},"end":{"line":101,"column":5}},"40":{"start":{"line":100,"column":8},"end":{"line":100,"column":84}},"41":{"start":{"line":102,"column":4},"end":{"line":117,"column":5}},"42":{"start":{"line":103,"column":27},"end":{"line":103,"column":90}},"43":{"start":{"line":104,"column":8},"end":{"line":104,"column":36}},"44":{"start":{"line":105,"column":8},"end":{"line":105,"column":38}},"45":{"start":{"line":106,"column":8},"end":{"line":106,"column":42}},"46":{"start":{"line":107,"column":8},"end":{"line":107,"column":42}},"47":{"start":{"line":108,"column":8},"end":{"line":108,"column":36}},"48":{"start":{"line":109,"column":8},"end":{"line":109,"column":38}},"49":{"start":{"line":110,"column":8},"end":{"line":110,"column":44}},"50":{"start":{"line":111,"column":8},"end":{"line":111,"column":32}},"51":{"start":{"line":113,"column":8},"end":{"line":113,"column":71}},"52":{"start":{"line":115,"column":8},"end":{"line":115,"column":27}},"53":{"start":{"line":116,"column":8},"end":{"line":116,"column":67}},"54":{"start":{"line":121,"column":24},"end":{"line":121,"column":32}},"55":{"start":{"line":123,"column":4},"end":{"line":134,"column":5}},"56":{"start":{"line":124,"column":27},"end":{"line":124,"column":90}},"57":{"start":{"line":125,"column":8},"end":{"line":125,"column":121}},"58":{"start":{"line":125,"column":96},"end":{"line":125,"column":119}},"59":{"start":{"line":127,"column":8},"end":{"line":127,"column":32}},"60":{"start":{"line":129,"column":8},"end":{"line":129,"column":71}},"61":{"start":{"line":132,"column":8},"end":{"line":132,"column":27}},"62":{"start":{"line":133,"column":8},"end":{"line":133,"column":67}},"63":{"start":{"line":138,"column":0},"end":{"line":138,"column":128}}},"fnMap":{"0":{"name":"(anonymous_0)","decl":{"start":{"line":5,"column":23},"end":{"line":5,"column":24}},"loc":{"start":{"line":5,"column":41},"end":{"line":27,"column":1}},"line":5},"1":{"name":"(anonymous_1)","decl":{"start":{"line":7,"column":42},"end":{"line":7,"column":43}},"loc":{"start":{"line":7,"column":53},"end":{"line":24,"column":5}},"line":7},"2":{"name":"(anonymous_2)","decl":{"start":{"line":8,"column":67},"end":{"line":8,"column":68}},"loc":{"start":{"line":8,"column":79},"end":{"line":21,"column":9}},"line":8},"3":{"name":"(anonymous_3)","decl":{"start":{"line":9,"column":52},"end":{"line":9,"column":53}},"loc":{"start":{"line":9,"column":70},"end":{"line":20,"column":13}},"line":9},"4":{"name":"AdminBookTicketController","decl":{"start":{"line":29,"column":15},"end":{"line":29,"column":40}},"loc":{"start":{"line":29,"column":51},"end":{"line":62,"column":1}},"line":29},"5":{"name":"AdminBookingsController","decl":{"start":{"line":64,"column":15},"end":{"line":64,"column":38}},"loc":{"start":{"line":64,"column":49},"end":{"line":90,"column":1}},"line":64},"6":{"name":"AdminEditTicketController","decl":{"start":{"line":92,"column":15},"end":{"line":92,"column":40}},"loc":{"start":{"line":92,"column":51},"end":{"line":118,"column":1}},"line":92},"7":{"name":"AdminDeleteBookingController","decl":{"start":{"line":120,"column":15},"end":{"line":120,"column":43}},"loc":{"start":{"line":120,"column":54},"end":{"line":136,"column":1}},"line":120},"8":{"name":"(anonymous_8)","decl":{"start":{"line":125,"column":89},"end":{"line":125,"column":90}},"loc":{"start":{"line":125,"column":96},"end":{"line":125,"column":119}},"line":125}},"branchMap":{"0":{"loc":{"start":{"line":33,"column":4},"end":{"line":35,"column":5}},"type":"if","locations":[{"start":{"line":33,"column":4},"end":{"line":35,"column":5}},{"start":{},"end":{}}],"line":33},"1":{"loc":{"start":{"line":33,"column":8},"end":{"line":33,"column":116}},"type":"binary-expr","locations":[{"start":{"line":33,"column":8},"end":{"line":33,"column":25}},{"start":{"line":33,"column":29},"end":{"line":33,"column":47}},{"start":{"line":33,"column":51},"end":{"line":33,"column":71}},{"start":{"line":33,"column":75},"end":{"line":33,"column":95}},{"start":{"line":33,"column":99},"end":{"line":33,"column":116}}],"line":33},"2":{"loc":{"start":{"line":37,"column":4},"end":{"line":39,"column":5}},"type":"if","locations":[{"start":{"line":37,"column":4},"end":{"line":39,"column":5}},{"start":{},"end":{}}],"line":37},"3":{"loc":{"start":{"line":37,"column":8},"end":{"line":37,"column":61}},"type":"binary-expr","locations":[{"start":{"line":37,"column":8},"end":{"line":37,"column":31}},{"start":{"line":37,"column":35},"end":{"line":37,"column":61}}],"line":37},"4":{"loc":{"start":{"line":67,"column":4},"end":{"line":69,"column":5}},"type":"if","locations":[{"start":{"line":67,"column":4},"end":{"line":69,"column":5}},{"start":{},"end":{}}],"line":67},"5":{"loc":{"start":{"line":71,"column":4},"end":{"line":73,"column":5}},"type":"if","locations":[{"start":{"line":71,"column":4},"end":{"line":73,"column":5}},{"start":{},"end":{}}],"line":71},"6":{"loc":{"start":{"line":78,"column":8},"end":{"line":80,"column":9}},"type":"if","locations":[{"start":{"line":78,"column":8},"end":{"line":80,"column":9}},{"start":{},"end":{}}],"line":78},"7":{"loc":{"start":{"line":95,"column":4},"end":{"line":97,"column":5}},"type":"if","locations":[{"start":{"line":95,"column":4},"end":{"line":97,"column":5}},{"start":{},"end":{}}],"line":95},"8":{"loc":{"start":{"line":95,"column":8},"end":{"line":95,"column":67}},"type":"binary-expr","locations":[{"start":{"line":95,"column":8},"end":{"line":95,"column":18}},{"start":{"line":95,"column":22},"end":{"line":95,"column":33}},{"start":{"line":95,"column":37},"end":{"line":95,"column":50}},{"start":{"line":95,"column":54},"end":{"line":95,"column":67}}],"line":95},"9":{"loc":{"start":{"line":99,"column":4},"end":{"line":101,"column":5}},"type":"if","locations":[{"start":{"line":99,"column":4},"end":{"line":101,"column":5}},{"start":{},"end":{}}],"line":99},"10":{"loc":{"start":{"line":99,"column":8},"end":{"line":99,"column":47}},"type":"binary-expr","locations":[{"start":{"line":99,"column":8},"end":{"line":99,"column":24}},{"start":{"line":99,"column":28},"end":{"line":99,"column":47}}],"line":99}},"s":{"0":1,"1":1,"2":1,"3":0,"4":0,"5":0,"6":0,"7":0,"8":0,"9":2,"10":2,"11":1,"12":1,"13":1,"14":0,"15":0,"16":0,"17":0,"18":0,"19":0,"20":0,"21":0,"22":0,"23":3,"24":3,"25":1,"26":2,"27":2,"28":0,"29":0,"30":0,"31":0,"32":0,"33":0,"34":0,"35":0,"36":0,"37":0,"38":0,"39":0,"40":0,"41":0,"42":0,"43":0,"44":0,"45":0,"46":0,"47":0,"48":0,"49":0,"50":0,"51":0,"52":0,"53":0,"54":0,"55":0,"56":0,"57":0,"58":0,"59":0,"60":0,"61":0,"62":0,"63":1},"f":{"0":0,"1":0,"2":0,"3":0,"4":2,"5":3,"6":0,"7":0,"8":0},"b":{"0":[1,1],"1":[2,2,1,1,1],"2":[1,0],"3":[1,1],"4":[1,2],"5":[2,0],"6":[0,0],"7":[0,0],"8":[0,0,0,0],"9":[0,0],"10":[0,0]},"_coverageSchema":"1a1c01bbd47fc00a2c39e90264f33305004495a9","hash":"3cf7af049d32d727d62354d39a4af8f02225364a"}
,"/home/chandan/Desktop/shetty/TestRepository_Shetty/WWA-backend-master/controllers/authController.js": {"path":"/home/chandan/Desktop/shetty/TestRepository_Shetty/WWA-backend-master/controllers/authController.js","statementMap":{"0":{"start":{"line":2,"column":13},"end":{"line":2,"column":37}},"1":{"start":{"line":3,"column":15},"end":{"line":3,"column":32}},"2":{"start":{"line":8,"column":62},"end":{"line":8,"column":70}},"3":{"start":{"line":10,"column":2},"end":{"line":12,"column":3}},"4":{"start":{"line":11,"column":4},"end":{"line":11,"column":76}},"5":{"start":{"line":14,"column":2},"end":{"line":16,"column":3}},"6":{"start":{"line":15,"column":4},"end":{"line":15,"column":97}},"7":{"start":{"line":18,"column":2},"end":{"line":20,"column":3}},"8":{"start":{"line":19,"column":4},"end":{"line":19,"column":76}},"9":{"start":{"line":22,"column":2},"end":{"line":42,"column":3}},"10":{"start":{"line":25,"column":25},"end":{"line":25,"column":54}},"11":{"start":{"line":26,"column":4},"end":{"line":28,"column":5}},"12":{"start":{"line":27,"column":6},"end":{"line":27,"column":75}},"13":{"start":{"line":31,"column":20},"end":{"line":31,"column":70}},"14":{"start":{"line":34,"column":4},"end":{"line":34,"column":25}},"15":{"start":{"line":36,"column":4},"end":{"line":36,"column":20}},"16":{"start":{"line":37,"column":4},"end":{"line":37,"column":58}},"17":{"start":{"line":39,"column":4},"end":{"line":39,"column":25}},"18":{"start":{"line":40,"column":4},"end":{"line":40,"column":20}},"19":{"start":{"line":41,"column":4},"end":{"line":41,"column":51}},"20":{"start":{"line":46,"column":30},"end":{"line":46,"column":38}},"21":{"start":{"line":48,"column":2},"end":{"line":50,"column":3}},"22":{"start":{"line":49,"column":4},"end":{"line":49,"column":76}},"23":{"start":{"line":52,"column":2},"end":{"line":78,"column":3}},"24":{"start":{"line":54,"column":17},"end":{"line":54,"column":53}},"25":{"start":{"line":56,"column":4},"end":{"line":58,"column":5}},"26":{"start":{"line":57,"column":6},"end":{"line":57,"column":75}},"27":{"start":{"line":60,"column":20},"end":{"line":60,"column":65}},"28":{"start":{"line":62,"column":4},"end":{"line":64,"column":5}},"29":{"start":{"line":63,"column":6},"end":{"line":63,"column":75}},"30":{"start":{"line":66,"column":18},"end":{"line":66,"column":48}},"31":{"start":{"line":68,"column":4},"end":{"line":71,"column":7}},"32":{"start":{"line":72,"column":4},"end":{"line":72,"column":57}},"33":{"start":{"line":76,"column":4},"end":{"line":76,"column":23}},"34":{"start":{"line":77,"column":4},"end":{"line":77,"column":63}},"35":{"start":{"line":83,"column":41},"end":{"line":83,"column":49}},"36":{"start":{"line":85,"column":2},"end":{"line":87,"column":3}},"37":{"start":{"line":86,"column":4},"end":{"line":86,"column":76}},"38":{"start":{"line":89,"column":2},"end":{"line":91,"column":3}},"39":{"start":{"line":90,"column":4},"end":{"line":90,"column":76}},"40":{"start":{"line":94,"column":2},"end":{"line":109,"column":3}},"41":{"start":{"line":95,"column":17},"end":{"line":95,"column":53}},"42":{"start":{"line":97,"column":4},"end":{"line":99,"column":5}},"43":{"start":{"line":98,"column":6},"end":{"line":98,"column":71}},"44":{"start":{"line":101,"column":4},"end":{"line":101,"column":29}},"45":{"start":{"line":102,"column":4},"end":{"line":102,"column":22}},"46":{"start":{"line":103,"column":4},"end":{"line":103,"column":70}},"47":{"start":{"line":107,"column":4},"end":{"line":107,"column":23}},"48":{"start":{"line":108,"column":4},"end":{"line":108,"column":63}},"49":{"start":{"line":114,"column":2},"end":{"line":120,"column":3}},"50":{"start":{"line":115,"column":4},"end":{"line":115,"column":31}},"51":{"start":{"line":116,"column":4},"end":{"line":116,"column":59}},"52":{"start":{"line":119,"column":4},"end":{"line":119,"column":63}},"53":{"start":{"line":124,"column":0},"end":{"line":124,"column":91}}},"fnMap":{"0":{"name":"SignupController","decl":{"start":{"line":6,"column":15},"end":{"line":6,"column":31}},"loc":{"start":{"line":6,"column":42},"end":{"line":43,"column":1}},"line":6},"1":{"name":"LoginController","decl":{"start":{"line":45,"column":15},"end":{"line":45,"column":30}},"loc":{"start":{"line":45,"column":41},"end":{"line":80,"column":1}},"line":45},"2":{"name":"ForgotController","decl":{"start":{"line":82,"column":15},"end":{"line":82,"column":31}},"loc":{"start":{"line":82,"column":42},"end":{"line":111,"column":1}},"line":82},"3":{"name":"LogoutController","decl":{"start":{"line":113,"column":9},"end":{"line":113,"column":25}},"loc":{"start":{"line":113,"column":36},"end":{"line":121,"column":1}},"line":113}},"branchMap":{"0":{"loc":{"start":{"line":10,"column":2},"end":{"line":12,"column":3}},"type":"if","locations":[{"start":{"line":10,"column":2},"end":{"line":12,"column":3}},{"start":{},"end":{}}],"line":10},"1":{"loc":{"start":{"line":10,"column":6},"end":{"line":10,"column":66}},"type":"binary-expr","locations":[{"start":{"line":10,"column":6},"end":{"line":10,"column":16}},{"start":{"line":10,"column":20},"end":{"line":10,"column":29}},{"start":{"line":10,"column":33},"end":{"line":10,"column":39}},{"start":{"line":10,"column":43},"end":{"line":10,"column":52}},{"start":{"line":10,"column":56},"end":{"line":10,"column":66}}],"line":10},"2":{"loc":{"start":{"line":14,"column":2},"end":{"line":16,"column":3}},"type":"if","locations":[{"start":{"line":14,"column":2},"end":{"line":16,"column":3}},{"start":{},"end":{}}],"line":14},"3":{"loc":{"start":{"line":18,"column":2},"end":{"line":20,"column":3}},"type":"if","locations":[{"start":{"line":18,"column":2},"end":{"line":20,"column":3}},{"start":{},"end":{}}],"line":18},"4":{"loc":{"start":{"line":26,"column":4},"end":{"line":28,"column":5}},"type":"if","locations":[{"start":{"line":26,"column":4},"end":{"line":28,"column":5}},{"start":{},"end":{}}],"line":26},"5":{"loc":{"start":{"line":48,"column":2},"end":{"line":50,"column":3}},"type":"if","locations":[{"start":{"line":48,"column":2},"end":{"line":50,"column":3}},{"start":{},"end":{}}],"line":48},"6":{"loc":{"start":{"line":48,"column":6},"end":{"line":48,"column":25}},"type":"binary-expr","locations":[{"start":{"line":48,"column":6},"end":{"line":48,"column":12}},{"start":{"line":48,"column":16},"end":{"line":48,"column":25}}],"line":48},"7":{"loc":{"start":{"line":56,"column":4},"end":{"line":58,"column":5}},"type":"if","locations":[{"start":{"line":56,"column":4},"end":{"line":58,"column":5}},{"start":{},"end":{}}],"line":56},"8":{"loc":{"start":{"line":62,"column":4},"end":{"line":64,"column":5}},"type":"if","locations":[{"start":{"line":62,"column":4},"end":{"line":64,"column":5}},{"start":{},"end":{}}],"line":62},"9":{"loc":{"start":{"line":85,"column":2},"end":{"line":87,"column":3}},"type":"if","locations":[{"start":{"line":85,"column":2},"end":{"line":87,"column":3}},{"start":{},"end":{}}],"line":85},"10":{"loc":{"start":{"line":85,"column":6},"end":{"line":85,"column":39}},"type":"binary-expr","locations":[{"start":{"line":85,"column":6},"end":{"line":85,"column":12}},{"start":{"line":85,"column":16},"end":{"line":85,"column":25}},{"start":{"line":85,"column":29},"end":{"line":85,"column":39}}],"line":85},"11":{"loc":{"start":{"line":89,"column":2},"end":{"line":91,"column":3}},"type":"if","locations":[{"start":{"line":89,"column":2},"end":{"line":91,"column":3}},{"start":{},"end":{}}],"line":89},"12":{"loc":{"start":{"line":97,"column":4},"end":{"line":99,"column":5}},"type":"if","locations":[{"start":{"line":97,"column":4},"end":{"line":99,"column":5}},{"start":{},"end":{}}],"line":97}},"s":{"0":1,"1":1,"2":5,"3":5,"4":1,"5":4,"6":1,"7":3,"8":2,"9":1,"10":1,"11":1,"12":1,"13":0,"14":0,"15":0,"16":0,"17":0,"18":0,"19":0,"20":3,"21":3,"22":1,"23":2,"24":2,"25":2,"26":1,"27":1,"28":1,"29":1,"30":0,"31":0,"32":0,"33":0,"34":0,"35":2,"36":2,"37":1,"38":1,"39":0,"40":1,"41":1,"42":1,"43":1,"44":0,"45":0,"46":0,"47":0,"48":0,"49":1,"50":1,"51":0,"52":1,"53":1},"f":{"0":5,"1":3,"2":2,"3":1},"b":{"0":[1,4],"1":[5,5,5,4,4],"2":[1,3],"3":[2,1],"4":[1,0],"5":[1,2],"6":[3,2],"7":[1,1],"8":[1,0],"9":[1,1],"10":[2,1,1],"11":[0,1],"12":[1,0]},"_coverageSchema":"1a1c01bbd47fc00a2c39e90264f33305004495a9","hash":"f8533472568be6bfdb3886c13527b83827f5be50"}
,"/home/chandan/Desktop/shetty/TestRepository_Shetty/WWA-backend-master/controllers/bookingController.js": {"path":"/home/chandan/Desktop/shetty/TestRepository_Shetty/WWA-backend-master/controllers/bookingController.js","statementMap":{"0":{"start":{"line":1,"column":16},"end":{"line":1,"column":43}},"1":{"start":{"line":4,"column":23},"end":{"line":26,"column":1}},"2":{"start":{"line":6,"column":25},"end":{"line":23,"column":6}},"3":{"start":{"line":7,"column":27},"end":{"line":20,"column":10}},"4":{"start":{"line":8,"column":12},"end":{"line":19,"column":16}},"5":{"start":{"line":8,"column":70},"end":{"line":19,"column":13}},"6":{"start":{"line":22,"column":8},"end":{"line":22,"column":26}},"7":{"start":{"line":25,"column":4},"end":{"line":25,"column":24}},"8":{"start":{"line":31,"column":48},"end":{"line":31,"column":56}},"9":{"start":{"line":33,"column":4},"end":{"line":35,"column":5}},"10":{"start":{"line":34,"column":8},"end":{"line":34,"column":80}},"11":{"start":{"line":37,"column":4},"end":{"line":39,"column":5}},"12":{"start":{"line":38,"column":8},"end":{"line":38,"column":84}},"13":{"start":{"line":41,"column":25},"end":{"line":41,"column":75}},"14":{"start":{"line":42,"column":26},"end":{"line":42,"column":54}},"15":{"start":{"line":43,"column":27},"end":{"line":49,"column":5}},"16":{"start":{"line":51,"column":4},"end":{"line":60,"column":5}},"17":{"start":{"line":53,"column":27},"end":{"line":53,"column":54}},"18":{"start":{"line":54,"column":25},"end":{"line":54,"column":48}},"19":{"start":{"line":55,"column":8},"end":{"line":55,"column":96}},"20":{"start":{"line":58,"column":8},"end":{"line":58,"column":27}},"21":{"start":{"line":59,"column":8},"end":{"line":59,"column":67}},"22":{"start":{"line":64,"column":22},"end":{"line":64,"column":30}},"23":{"start":{"line":66,"column":4},"end":{"line":68,"column":5}},"24":{"start":{"line":67,"column":8},"end":{"line":67,"column":81}},"25":{"start":{"line":70,"column":4},"end":{"line":84,"column":5}},"26":{"start":{"line":71,"column":25},"end":{"line":71,"column":61}},"27":{"start":{"line":73,"column":8},"end":{"line":75,"column":9}},"28":{"start":{"line":74,"column":12},"end":{"line":74,"column":89}},"29":{"start":{"line":77,"column":29},"end":{"line":77,"column":57}},"30":{"start":{"line":78,"column":8},"end":{"line":78,"column":83}},"31":{"start":{"line":82,"column":8},"end":{"line":82,"column":27}},"32":{"start":{"line":83,"column":8},"end":{"line":83,"column":67}},"33":{"start":{"line":87,"column":0},"end":{"line":87,"column":63}}},"fnMap":{"0":{"name":"(anonymous_0)","decl":{"start":{"line":4,"column":23},"end":{"line":4,"column":24}},"loc":{"start":{"line":4,"column":41},"end":{"line":26,"column":1}},"line":4},"1":{"name":"(anonymous_1)","decl":{"start":{"line":6,"column":42},"end":{"line":6,"column":43}},"loc":{"start":{"line":6,"column":53},"end":{"line":23,"column":5}},"line":6},"2":{"name":"(anonymous_2)","decl":{"start":{"line":7,"column":67},"end":{"line":7,"column":68}},"loc":{"start":{"line":7,"column":79},"end":{"line":20,"column":9}},"line":7},"3":{"name":"(anonymous_3)","decl":{"start":{"line":8,"column":52},"end":{"line":8,"column":53}},"loc":{"start":{"line":8,"column":70},"end":{"line":19,"column":13}},"line":8},"4":{"name":"BookTicketController","decl":{"start":{"line":29,"column":15},"end":{"line":29,"column":35}},"loc":{"start":{"line":29,"column":46},"end":{"line":61,"column":1}},"line":29},"5":{"name":"MyBookingController","decl":{"start":{"line":63,"column":15},"end":{"line":63,"column":34}},"loc":{"start":{"line":63,"column":45},"end":{"line":85,"column":1}},"line":63}},"branchMap":{"0":{"loc":{"start":{"line":33,"column":4},"end":{"line":35,"column":5}},"type":"if","locations":[{"start":{"line":33,"column":4},"end":{"line":35,"column":5}},{"start":{},"end":{}}],"line":33},"1":{"loc":{"start":{"line":33,"column":8},"end":{"line":33,"column":116}},"type":"binary-expr","locations":[{"start":{"line":33,"column":8},"end":{"line":33,"column":25}},{"start":{"line":33,"column":29},"end":{"line":33,"column":47}},{"start":{"line":33,"column":51},"end":{"line":33,"column":71}},{"start":{"line":33,"column":75},"end":{"line":33,"column":95}},{"start":{"line":33,"column":99},"end":{"line":33,"column":116}}],"line":33},"2":{"loc":{"start":{"line":37,"column":4},"end":{"line":39,"column":5}},"type":"if","locations":[{"start":{"line":37,"column":4},"end":{"line":39,"column":5}},{"start":{},"end":{}}],"line":37},"3":{"loc":{"start":{"line":37,"column":8},"end":{"line":37,"column":61}},"type":"binary-expr","locations":[{"start":{"line":37,"column":8},"end":{"line":37,"column":31}},{"start":{"line":37,"column":35},"end":{"line":37,"column":61}}],"line":37},"4":{"loc":{"start":{"line":66,"column":4},"end":{"line":68,"column":5}},"type":"if","locations":[{"start":{"line":66,"column":4},"end":{"line":68,"column":5}},{"start":{},"end":{}}],"line":66},"5":{"loc":{"start":{"line":73,"column":8},"end":{"line":75,"column":9}},"type":"if","locations":[{"start":{"line":73,"column":8},"end":{"line":75,"column":9}},{"start":{},"end":{}}],"line":73}},"s":{"0":1,"1":1,"2":0,"3":0,"4":0,"5":0,"6":0,"7":0,"8":2,"9":2,"10":1,"11":1,"12":1,"13":0,"14":0,"15":0,"16":0,"17":0,"18":0,"19":0,"20":0,"21":0,"22":2,"23":2,"24":1,"25":1,"26":1,"27":1,"28":1,"29":0,"30":0,"31":0,"32":0,"33":1},"f":{"0":0,"1":0,"2":0,"3":0,"4":2,"5":2},"b":{"0":[1,1],"1":[2,2,1,1,1],"2":[1,0],"3":[1,1],"4":[1,1],"5":[1,0]},"_coverageSchema":"1a1c01bbd47fc00a2c39e90264f33305004495a9","hash":"33974400cc5e10f53a5f22a6273213879e22ae46"}
,"/home/chandan/Desktop/shetty/TestRepository_Shetty/WWA-backend-master/model/Booking.js": {"path":"/home/chandan/Desktop/shetty/TestRepository_Shetty/WWA-backend-master/model/Booking.js","statementMap":{"0":{"start":{"line":3,"column":17},"end":{"line":3,"column":36}},"1":{"start":{"line":5,"column":22},"end":{"line":20,"column":2}},"2":{"start":{"line":23,"column":16},"end":{"line":23,"column":56}},"3":{"start":{"line":25,"column":0},"end":{"line":25,"column":25}}},"fnMap":{},"branchMap":{},"s":{"0":2,"1":2,"2":2,"3":2},"f":{},"b":{},"_coverageSchema":"1a1c01bbd47fc00a2c39e90264f33305004495a9","hash":"ecb26bcfbb160858ac9f5ff1776baf1c767767cf"}
,"/home/chandan/Desktop/shetty/TestRepository_Shetty/WWA-backend-master/model/User.js": {"path":"/home/chandan/Desktop/shetty/TestRepository_Shetty/WWA-backend-master/model/User.js","statementMap":{"0":{"start":{"line":2,"column":17},"end":{"line":2,"column":36}},"1":{"start":{"line":3,"column":15},"end":{"line":3,"column":32}},"2":{"start":{"line":4,"column":12},"end":{"line":4,"column":35}},"3":{"start":{"line":6,"column":19},"end":{"line":15,"column":2}},"4":{"start":{"line":17,"column":0},"end":{"line":22,"column":3}},"5":{"start":{"line":18,"column":2},"end":{"line":20,"column":3}},"6":{"start":{"line":19,"column":6},"end":{"line":19,"column":59}},"7":{"start":{"line":21,"column":2},"end":{"line":21,"column":9}},"8":{"start":{"line":24,"column":0},"end":{"line":34,"column":2}},"9":{"start":{"line":25,"column":2},"end":{"line":33,"column":3}},"10":{"start":{"line":26,"column":18},"end":{"line":26,"column":69}},"11":{"start":{"line":27,"column":6},"end":{"line":27,"column":58}},"12":{"start":{"line":28,"column":6},"end":{"line":28,"column":24}},"13":{"start":{"line":29,"column":6},"end":{"line":29,"column":19}},"14":{"start":{"line":32,"column":6},"end":{"line":32,"column":16}},"15":{"start":{"line":37,"column":13},"end":{"line":37,"column":47}},"16":{"start":{"line":39,"column":0},"end":{"line":39,"column":22}}},"fnMap":{"0":{"name":"(anonymous_0)","decl":{"start":{"line":17,"column":23},"end":{"line":17,"column":24}},"loc":{"start":{"line":17,"column":44},"end":{"line":22,"column":1}},"line":17},"1":{"name":"(anonymous_1)","decl":{"start":{"line":24,"column":39},"end":{"line":24,"column":40}},"loc":{"start":{"line":24,"column":56},"end":{"line":34,"column":1}},"line":24}},"branchMap":{"0":{"loc":{"start":{"line":18,"column":2},"end":{"line":20,"column":3}},"type":"if","locations":[{"start":{"line":18,"column":2},"end":{"line":20,"column":3}},{"start":{},"end":{}}],"line":18}},"s":{"0":4,"1":4,"2":4,"3":4,"4":4,"5":0,"6":0,"7":0,"8":4,"9":0,"10":0,"11":0,"12":0,"13":0,"14":0,"15":4,"16":4},"f":{"0":0,"1":0},"b":{"0":[0,0]},"_coverageSchema":"1a1c01bbd47fc00a2c39e90264f33305004495a9","hash":"479b0197fdef6b1b1d6b2d3bd42dd9ad3240cae1"}
}
